Arguments: 
  /Users/lim/.nvm/versions/node/v12.18.3/bin/node /Users/lim/.yarn/bin/yarn.js

PATH: 
  /usr/local/opt/mongodb-community@4.2/bin:/Users/lim/.yarn/bin:/Users/lim/.config/yarn/global/node_modules/.bin:/usr/local/bin:/usr/bin:/bin:/usr/sbin:/sbin:/Users/lim/.nvm/versions/node/v12.18.3/bin:/usr/local/sbin:/usr/local/opt/mongodb-community@4.2/bin:/Users/lim/.yarn/bin:/Users/lim/.config/yarn/global/node_modules/.bin

Yarn version: 
  1.22.4

Node version: 
  12.18.3

Platform: 
  darwin x64

Trace: 
  Error: https://registry.npm.taobao.org/serve-static/download/serve-static-1.13.2.tgz: Request failed "500 Internal Server Error"
      at ResponseError.ExtendableBuiltin (/Users/lim/.yarn/lib/cli.js:696:66)
      at new ResponseError (/Users/lim/.yarn/lib/cli.js:802:124)
      at Request.<anonymous> (/Users/lim/.yarn/lib/cli.js:67057:16)
      at Request.emit (events.js:315:20)
      at Request.module.exports.Request.onRequestResponse (/Users/lim/.yarn/lib/cli.js:141625:10)
      at ClientRequest.emit (events.js:315:20)
      at HTTPParser.parserOnIncomingClient [as onIncoming] (_http_client.js:596:27)
      at HTTPParser.parserOnHeadersComplete (_http_common.js:119:17)
      at TLSSocket.socketOnData (_http_client.js:469:22)
      at TLSSocket.emit (events.js:315:20)

npm manifest: 
  {
    "name": "blog-server",
    "version": "0.0.0",
    "private": true,
    "scripts": {
      "start": "node ./bin/www"
    },
    "dependencies": {
      "cookie-parser": "~1.4.4",
      "debug": "~2.6.9",
      "express": "~4.16.1",
      "http-errors": "~1.6.3",
      "jade": "~1.11.0",
      "morgan": "~1.9.1"
    },
    "devDependencies": {
      "mongoose": "^5.11.9"
    }
  }

yarn manifest: 
  No manifest

Lockfile: 
  No lockfile
